   10  1.831e-05  9.999e-01  9.999e-01  2.596e-05
   20  3.666e-05  9.998e-01  9.997e-01  1.002e-04
   30  5.505e-05  9.997e-01  9.995e-01  2.161e-04
   40  7.347e-05  9.996e-01  9.992e-01  3.641e-04
   50  9.191e-05  9.995e-01  9.990e-01  5.354e-04
   60  1.104e-04  9.994e-01  9.987e-01  7.239e-04
   70  1.289e-04  9.993e-01  9.984e-01  9.260e-04
   80  1.474e-04  9.992e-01  9.981e-01  1.139e-03
   90  1.660e-04  9.992e-01  9.978e-01  1.362e-03
  100  1.846e-04  9.991e-01  9.975e-01  1.593e-03
  110  2.032e-04  9.990e-01  9.972e-01  1.830e-03
  120  2.219e-04  9.989e-01  9.969e-01  2.075e-03
  130  2.405e-04  9.989e-01  9.965e-01  2.324e-03
  140  2.592e-04  9.988e-01  9.962e-01  2.579e-03
  150  2.780e-04  9.987e-01  9.959e-01  2.839e-03
  160  2.967e-04  9.987e-01  9.956e-01  3.102e-03
  170  3.155e-04  9.986e-01  9.952e-01  3.370e-03
  180  3.343e-04  9.986e-01  9.949e-01  3.642e-03
  190  3.532e-04  9.985e-01  9.946e-01  3.917e-03
  200  3.720e-04  9.984e-01  9.942e-01  4.195e-03
  210  3.909e-04  9.984e-01  9.939e-01  4.477e-03
  220  4.099e-04  9.983e-01  9.936e-01  4.761e-03
  230  4.288e-04  9.983e-01  9.932e-01  5.048e-03
  240  4.478e-04  9.982e-01  9.929e-01  5.338e-03
  250  4.668e-04  9.982e-01  9.926e-01  5.631e-03
  260  4.859e-04  9.981e-01  9.922e-01  5.926e-03
  270  5.049e-04  9.981e-01  9.919e-01  6.224e-03
  280  5.240e-04  9.980e-01  9.915e-01  6.524e-03
  290  5.432e-04  9.980e-01  9.912e-01  6.826e-03
  300  5.623e-04  9.980e-01  9.908e-01  7.130e-03
  310  5.815e-04  9.979e-01  9.905e-01  7.436e-03
  320  6.007e-04  9.979e-01  9.901e-01  7.745e-03
  330  6.199e-04  9.978e-01  9.898e-01  8.055e-03
  340  6.392e-04  9.978e-01  9.894e-01  8.367e-03
  350  6.585e-04  9.978e-01  9.891e-01  8.681e-03
  360  6.778e-04  9.977e-01  9.887e-01  8.997e-03
  370  6.972e-04  9.977e-01  9.884e-01  9.314e-03
  380  7.166e-04  9.977e-01  9.880e-01  9.633e-03
  390  7.360e-04  9.976e-01  9.877e-01  9.954e-03
  400  7.554e-04  9.976e-01  9.873e-01  1.028e-02
  410  7.749e-04  9.976e-01  9.870e-01  1.060e-02
  420  7.944e-04  9.975e-01  9.866e-01  1.092e-02
  430  8.140e-04  9.975e-01  9.862e-01  1.125e-02
  440  8.335e-04  9.975e-01  9.859e-01  1.158e-02
  450  8.531e-04  9.974e-01  9.855e-01  1.191e-02
  460  8.727e-04  9.974e-01  9.852e-01  1.224e-02
  470  8.924e-04  9.974e-01  9.848e-01  1.257e-02
  480  9.121e-04  9.973e-01  9.844e-01  1.290e-02
  490  9.318e-04  9.973e-01  9.841e-01  1.324e-02
  500  9.515e-04  9.973e-01  9.837e-01  1.357e-02
  510  9.713e-04  9.973e-01  9.834e-01  1.391e-02
  520  9.911e-04  9.972e-01  9.830e-01  1.424e-02
  530  1.011e-03  9.972e-01  9.826e-01  1.458e-02
